Created by PLY version 3.11 (http://www.dabeaz.com/ply)

Grammar

Rule 0     S' -> statement
Rule 1     statement -> expression
Rule 2     statement -> ID ASSIGN expression
Rule 3     statement -> ID PLUSASSIGN expression
Rule 4     expression -> expression PLUS expression
Rule 5     expression -> expression MINUS expression
Rule 6     expression -> expression TIMES expression
Rule 7     expression -> expression DIVIDE expression
Rule 8     expression -> expression GT expression
Rule 9     expression -> expression LT expression
Rule 10    expression -> expression GE expression
Rule 11    expression -> expression LE expression
Rule 12    expression -> expression EQ expression
Rule 13    expression -> expression NE expression
Rule 14    expression -> expression AND expression
Rule 15    expression -> expression OR expression
Rule 16    expression -> NOT expression
Rule 17    expression -> expression QUESTION expression COLON expression
Rule 18    expression -> LPAREN expression RPAREN
Rule 19    expression -> NUMBER
Rule 20    expression -> BOOL
Rule 21    expression -> ID

Terminals, with rules where they appear

AND                  : 14
ASSIGN               : 2
BOOL                 : 20
COLON                : 17
DIVIDE               : 7
EQ                   : 12
GE                   : 10
GT                   : 8
ID                   : 2 3 21
LE                   : 11
LPAREN               : 18
LT                   : 9
MINUS                : 5
NE                   : 13
NOT                  : 16
NUMBER               : 19
OR                   : 15
PLUS                 : 4
PLUSASSIGN           : 3
QUESTION             : 17
RPAREN               : 18
TIMES                : 6
error                : 

Nonterminals, with rules where they appear

expression           : 1 2 3 4 4 5 5 6 6 7 7 8 8 9 9 10 10 11 11 12 12 13 13 14 14 15 15 16 17 17 17 18
statement            : 0

Parsing method: LALR

state 0

    (0) S' -> . statement
    (1) statement -> . expression
    (2) statement -> . ID ASSIGN expression
    (3) statement -> . ID PLUSASSIGN expression
    (4) expression -> . expression PLUS expression
    (5) expression -> . expression MINUS expression
    (6) expression -> . expression TIMES expression
    (7) expression -> . expression DIVIDE expression
    (8) expression -> . expression GT expression
    (9) expression -> . expression LT expression
    (10) expression -> . expression GE expression
    (11) expression -> . expression LE expression
    (12) expression -> . expression EQ expression
    (13) expression -> . expression NE expression
    (14) expression -> . expression AND expression
    (15) expression -> . expression OR expression
    (16) expression -> . NOT expression
    (17) expression -> . expression QUESTION expression COLON expression
    (18) expression -> . LPAREN expression RPAREN
    (19) expression -> . NUMBER
    (20) expression -> . BOOL
    (21) expression -> . ID

    ID              shift and go to state 3
    NOT             shift and go to state 4
    LPAREN          shift and go to state 5
    NUMBER          shift and go to state 6
    BOOL            shift and go to state 7

    statement                      shift and go to state 1
    expression                     shift and go to state 2

state 1

    (0) S' -> statement .



state 2

    (1) statement -> expression .
    (4) expression -> expression . PLUS expression
    (5) expression -> expression . MINUS expression
    (6) expression -> expression . TIMES expression
    (7) expression -> expression . DIVIDE expression
    (8) expression -> expression . GT expression
    (9) expression -> expression . LT expression
    (10) expression -> expression . GE expression
    (11) expression -> expression . LE expression
    (12) expression -> expression . EQ expression
    (13) expression -> expression . NE expression
    (14) expression -> expression . AND expression
    (15) expression -> expression . OR expression
    (17) expression -> expression . QUESTION expression COLON expression

    $end            reduce using rule 1 (statement -> expression .)
    PLUS            shift and go to state 8
    MINUS           shift and go to state 9
    TIMES           shift and go to state 10
    DIVIDE          shift and go to state 11
    GT              shift and go to state 12
    LT              shift and go to state 13
    GE              shift and go to state 14
    LE              shift and go to state 15
    EQ              shift and go to state 16
    NE              shift and go to state 17
    AND             shift and go to state 18
    OR              shift and go to state 19
    QUESTION        shift and go to state 20


state 3

    (2) statement -> ID . ASSIGN expression
    (3) statement -> ID . PLUSASSIGN expression
    (21) expression -> ID .

    ASSIGN          shift and go to state 21
    PLUSASSIGN      shift and go to state 22
    PLUS            reduce using rule 21 (expression -> ID .)
    MINUS           reduce using rule 21 (expression -> ID .)
    TIMES           reduce using rule 21 (expression -> ID .)
    DIVIDE          reduce using rule 21 (expression -> ID .)
    GT              reduce using rule 21 (expression -> ID .)
    LT              reduce using rule 21 (expression -> ID .)
    GE              reduce using rule 21 (expression -> ID .)
    LE              reduce using rule 21 (expression -> ID .)
    EQ              reduce using rule 21 (expression -> ID .)
    NE              reduce using rule 21 (expression -> ID .)
    AND             reduce using rule 21 (expression -> ID .)
    OR              reduce using rule 21 (expression -> ID .)
    QUESTION        reduce using rule 21 (expression -> ID .)
    $end            reduce using rule 21 (expression -> ID .)


state 4

    (16) expression -> NOT . expression
    (4) expression -> . expression PLUS expression
    (5) expression -> . expression MINUS expression
    (6) expression -> . expression TIMES expression
    (7) expression -> . expression DIVIDE expression
    (8) expression -> . expression GT expression
    (9) expression -> . expression LT expression
    (10) expression -> . expression GE expression
    (11) expression -> . expression LE expression
    (12) expression -> . expression EQ expression
    (13) expression -> . expression NE expression
    (14) expression -> . expression AND expression
    (15) expression -> . expression OR expression
    (16) expression -> . NOT expression
    (17) expression -> . expression QUESTION expression COLON expression
    (18) expression -> . LPAREN expression RPAREN
    (19) expression -> . NUMBER
    (20) expression -> . BOOL
    (21) expression -> . ID

    NOT             shift and go to state 4
    LPAREN          shift and go to state 5
    NUMBER          shift and go to state 6
    BOOL            shift and go to state 7
    ID              shift and go to state 24

    expression                     shift and go to state 23

state 5

    (18) expression -> LPAREN . expression RPAREN
    (4) expression -> . expression PLUS expression
    (5) expression -> . expression MINUS expression
    (6) expression -> . expression TIMES expression
    (7) expression -> . expression DIVIDE expression
    (8) expression -> . expression GT expression
    (9) expression -> . expression LT expression
    (10) expression -> . expression GE expression
    (11) expression -> . expression LE expression
    (12) expression -> . expression EQ expression
    (13) expression -> . expression NE expression
    (14) expression -> . expression AND expression
    (15) expression -> . expression OR expression
    (16) expression -> . NOT expression
    (17) expression -> . expression QUESTION expression COLON expression
    (18) expression -> . LPAREN expression RPAREN
    (19) expression -> . NUMBER
    (20) expression -> . BOOL
    (21) expression -> . ID

    NOT             shift and go to state 4
    LPAREN          shift and go to state 5
    NUMBER          shift and go to state 6
    BOOL            shift and go to state 7
    ID              shift and go to state 24

    expression                     shift and go to state 25

state 6

    (19) expression -> NUMBER .

    PLUS            reduce using rule 19 (expression -> NUMBER .)
    MINUS           reduce using rule 19 (expression -> NUMBER .)
    TIMES           reduce using rule 19 (expression -> NUMBER .)
    DIVIDE          reduce using rule 19 (expression -> NUMBER .)
    GT              reduce using rule 19 (expression -> NUMBER .)
    LT              reduce using rule 19 (expression -> NUMBER .)
    GE              reduce using rule 19 (expression -> NUMBER .)
    LE              reduce using rule 19 (expression -> NUMBER .)
    EQ              reduce using rule 19 (expression -> NUMBER .)
    NE              reduce using rule 19 (expression -> NUMBER .)
    AND             reduce using rule 19 (expression -> NUMBER .)
    OR              reduce using rule 19 (expression -> NUMBER .)
    QUESTION        reduce using rule 19 (expression -> NUMBER .)
    $end            reduce using rule 19 (expression -> NUMBER .)
    RPAREN          reduce using rule 19 (expression -> NUMBER .)
    COLON           reduce using rule 19 (expression -> NUMBER .)


state 7

    (20) expression -> BOOL .

    PLUS            reduce using rule 20 (expression -> BOOL .)
    MINUS           reduce using rule 20 (expression -> BOOL .)
    TIMES           reduce using rule 20 (expression -> BOOL .)
    DIVIDE          reduce using rule 20 (expression -> BOOL .)
    GT              reduce using rule 20 (expression -> BOOL .)
    LT              reduce using rule 20 (expression -> BOOL .)
    GE              reduce using rule 20 (expression -> BOOL .)
    LE              reduce using rule 20 (expression -> BOOL .)
    EQ              reduce using rule 20 (expression -> BOOL .)
    NE              reduce using rule 20 (expression -> BOOL .)
    AND             reduce using rule 20 (expression -> BOOL .)
    OR              reduce using rule 20 (expression -> BOOL .)
    QUESTION        reduce using rule 20 (expression -> BOOL .)
    $end            reduce using rule 20 (expression -> BOOL .)
    RPAREN          reduce using rule 20 (expression -> BOOL .)
    COLON           reduce using rule 20 (expression -> BOOL .)


state 8

    (4) expression -> expression PLUS . expression
    (4) expression -> . expression PLUS expression
    (5) expression -> . expression MINUS expression
    (6) expression -> . expression TIMES expression
    (7) expression -> . expression DIVIDE expression
    (8) expression -> . expression GT expression
    (9) expression -> . expression LT expression
    (10) expression -> . expression GE expression
    (11) expression -> . expression LE expression
    (12) expression -> . expression EQ expression
    (13) expression -> . expression NE expression
    (14) expression -> . expression AND expression
    (15) expression -> . expression OR expression
    (16) expression -> . NOT expression
    (17) expression -> . expression QUESTION expression COLON expression
    (18) expression -> . LPAREN expression RPAREN
    (19) expression -> . NUMBER
    (20) expression -> . BOOL
    (21) expression -> . ID

    NOT             shift and go to state 4
    LPAREN          shift and go to state 5
    NUMBER          shift and go to state 6
    BOOL            shift and go to state 7
    ID              shift and go to state 24

    expression                     shift and go to state 26

state 9

    (5) expression -> expression MINUS . expression
    (4) expression -> . expression PLUS expression
    (5) expression -> . expression MINUS expression
    (6) expression -> . expression TIMES expression
    (7) expression -> . expression DIVIDE expression
    (8) expression -> . expression GT expression
    (9) expression -> . expression LT expression
    (10) expression -> . expression GE expression
    (11) expression -> . expression LE expression
    (12) expression -> . expression EQ expression
    (13) expression -> . expression NE expression
    (14) expression -> . expression AND expression
    (15) expression -> . expression OR expression
    (16) expression -> . NOT expression
    (17) expression -> . expression QUESTION expression COLON expression
    (18) expression -> . LPAREN expression RPAREN
    (19) expression -> . NUMBER
    (20) expression -> . BOOL
    (21) expression -> . ID

    NOT             shift and go to state 4
    LPAREN          shift and go to state 5
    NUMBER          shift and go to state 6
    BOOL            shift and go to state 7
    ID              shift and go to state 24

    expression                     shift and go to state 27

state 10

    (6) expression -> expression TIMES . expression
    (4) expression -> . expression PLUS expression
    (5) expression -> . expression MINUS expression
    (6) expression -> . expression TIMES expression
    (7) expression -> . expression DIVIDE expression
    (8) expression -> . expression GT expression
    (9) expression -> . expression LT expression
    (10) expression -> . expression GE expression
    (11) expression -> . expression LE expression
    (12) expression -> . expression EQ expression
    (13) expression -> . expression NE expression
    (14) expression -> . expression AND expression
    (15) expression -> . expression OR expression
    (16) expression -> . NOT expression
    (17) expression -> . expression QUESTION expression COLON expression
    (18) expression -> . LPAREN expression RPAREN
    (19) expression -> . NUMBER
    (20) expression -> . BOOL
    (21) expression -> . ID

    NOT             shift and go to state 4
    LPAREN          shift and go to state 5
    NUMBER          shift and go to state 6
    BOOL            shift and go to state 7
    ID              shift and go to state 24

    expression                     shift and go to state 28

state 11

    (7) expression -> expression DIVIDE . expression
    (4) expression -> . expression PLUS expression
    (5) expression -> . expression MINUS expression
    (6) expression -> . expression TIMES expression
    (7) expression -> . expression DIVIDE expression
    (8) expression -> . expression GT expression
    (9) expression -> . expression LT expression
    (10) expression -> . expression GE expression
    (11) expression -> . expression LE expression
    (12) expression -> . expression EQ expression
    (13) expression -> . expression NE expression
    (14) expression -> . expression AND expression
    (15) expression -> . expression OR expression
    (16) expression -> . NOT expression
    (17) expression -> . expression QUESTION expression COLON expression
    (18) expression -> . LPAREN expression RPAREN
    (19) expression -> . NUMBER
    (20) expression -> . BOOL
    (21) expression -> . ID

    NOT             shift and go to state 4
    LPAREN          shift and go to state 5
    NUMBER          shift and go to state 6
    BOOL            shift and go to state 7
    ID              shift and go to state 24

    expression                     shift and go to state 29

state 12

    (8) expression -> expression GT . expression
    (4) expression -> . expression PLUS expression
    (5) expression -> . expression MINUS expression
    (6) expression -> . expression TIMES expression
    (7) expression -> . expression DIVIDE expression
    (8) expression -> . expression GT expression
    (9) expression -> . expression LT expression
    (10) expression -> . expression GE expression
    (11) expression -> . expression LE expression
    (12) expression -> . expression EQ expression
    (13) expression -> . expression NE expression
    (14) expression -> . expression AND expression
    (15) expression -> . expression OR expression
    (16) expression -> . NOT expression
    (17) expression -> . expression QUESTION expression COLON expression
    (18) expression -> . LPAREN expression RPAREN
    (19) expression -> . NUMBER
    (20) expression -> . BOOL
    (21) expression -> . ID

    NOT             shift and go to state 4
    LPAREN          shift and go to state 5
    NUMBER          shift and go to state 6
    BOOL            shift and go to state 7
    ID              shift and go to state 24

    expression                     shift and go to state 30

state 13

    (9) expression -> expression LT . expression
    (4) expression -> . expression PLUS expression
    (5) expression -> . expression MINUS expression
    (6) expression -> . expression TIMES expression
    (7) expression -> . expression DIVIDE expression
    (8) expression -> . expression GT expression
    (9) expression -> . expression LT expression
    (10) expression -> . expression GE expression
    (11) expression -> . expression LE expression
    (12) expression -> . expression EQ expression
    (13) expression -> . expression NE expression
    (14) expression -> . expression AND expression
    (15) expression -> . expression OR expression
    (16) expression -> . NOT expression
    (17) expression -> . expression QUESTION expression COLON expression
    (18) expression -> . LPAREN expression RPAREN
    (19) expression -> . NUMBER
    (20) expression -> . BOOL
    (21) expression -> . ID

    NOT             shift and go to state 4
    LPAREN          shift and go to state 5
    NUMBER          shift and go to state 6
    BOOL            shift and go to state 7
    ID              shift and go to state 24

    expression                     shift and go to state 31

state 14

    (10) expression -> expression GE . expression
    (4) expression -> . expression PLUS expression
    (5) expression -> . expression MINUS expression
    (6) expression -> . expression TIMES expression
    (7) expression -> . expression DIVIDE expression
    (8) expression -> . expression GT expression
    (9) expression -> . expression LT expression
    (10) expression -> . expression GE expression
    (11) expression -> . expression LE expression
    (12) expression -> . expression EQ expression
    (13) expression -> . expression NE expression
    (14) expression -> . expression AND expression
    (15) expression -> . expression OR expression
    (16) expression -> . NOT expression
    (17) expression -> . expression QUESTION expression COLON expression
    (18) expression -> . LPAREN expression RPAREN
    (19) expression -> . NUMBER
    (20) expression -> . BOOL
    (21) expression -> . ID

    NOT             shift and go to state 4
    LPAREN          shift and go to state 5
    NUMBER          shift and go to state 6
    BOOL            shift and go to state 7
    ID              shift and go to state 24

    expression                     shift and go to state 32

state 15

    (11) expression -> expression LE . expression
    (4) expression -> . expression PLUS expression
    (5) expression -> . expression MINUS expression
    (6) expression -> . expression TIMES expression
    (7) expression -> . expression DIVIDE expression
    (8) expression -> . expression GT expression
    (9) expression -> . expression LT expression
    (10) expression -> . expression GE expression
    (11) expression -> . expression LE expression
    (12) expression -> . expression EQ expression
    (13) expression -> . expression NE expression
    (14) expression -> . expression AND expression
    (15) expression -> . expression OR expression
    (16) expression -> . NOT expression
    (17) expression -> . expression QUESTION expression COLON expression
    (18) expression -> . LPAREN expression RPAREN
    (19) expression -> . NUMBER
    (20) expression -> . BOOL
    (21) expression -> . ID

    NOT             shift and go to state 4
    LPAREN          shift and go to state 5
    NUMBER          shift and go to state 6
    BOOL            shift and go to state 7
    ID              shift and go to state 24

    expression                     shift and go to state 33

state 16

    (12) expression -> expression EQ . expression
    (4) expression -> . expression PLUS expression
    (5) expression -> . expression MINUS expression
    (6) expression -> . expression TIMES expression
    (7) expression -> . expression DIVIDE expression
    (8) expression -> . expression GT expression
    (9) expression -> . expression LT expression
    (10) expression -> . expression GE expression
    (11) expression -> . expression LE expression
    (12) expression -> . expression EQ expression
    (13) expression -> . expression NE expression
    (14) expression -> . expression AND expression
    (15) expression -> . expression OR expression
    (16) expression -> . NOT expression
    (17) expression -> . expression QUESTION expression COLON expression
    (18) expression -> . LPAREN expression RPAREN
    (19) expression -> . NUMBER
    (20) expression -> . BOOL
    (21) expression -> . ID

    NOT             shift and go to state 4
    LPAREN          shift and go to state 5
    NUMBER          shift and go to state 6
    BOOL            shift and go to state 7
    ID              shift and go to state 24

    expression                     shift and go to state 34

state 17

    (13) expression -> expression NE . expression
    (4) expression -> . expression PLUS expression
    (5) expression -> . expression MINUS expression
    (6) expression -> . expression TIMES expression
    (7) expression -> . expression DIVIDE expression
    (8) expression -> . expression GT expression
    (9) expression -> . expression LT expression
    (10) expression -> . expression GE expression
    (11) expression -> . expression LE expression
    (12) expression -> . expression EQ expression
    (13) expression -> . expression NE expression
    (14) expression -> . expression AND expression
    (15) expression -> . expression OR expression
    (16) expression -> . NOT expression
    (17) expression -> . expression QUESTION expression COLON expression
    (18) expression -> . LPAREN expression RPAREN
    (19) expression -> . NUMBER
    (20) expression -> . BOOL
    (21) expression -> . ID

    NOT             shift and go to state 4
    LPAREN          shift and go to state 5
    NUMBER          shift and go to state 6
    BOOL            shift and go to state 7
    ID              shift and go to state 24

    expression                     shift and go to state 35

state 18

    (14) expression -> expression AND . expression
    (4) expression -> . expression PLUS expression
    (5) expression -> . expression MINUS expression
    (6) expression -> . expression TIMES expression
    (7) expression -> . expression DIVIDE expression
    (8) expression -> . expression GT expression
    (9) expression -> . expression LT expression
    (10) expression -> . expression GE expression
    (11) expression -> . expression LE expression
    (12) expression -> . expression EQ expression
    (13) expression -> . expression NE expression
    (14) expression -> . expression AND expression
    (15) expression -> . expression OR expression
    (16) expression -> . NOT expression
    (17) expression -> . expression QUESTION expression COLON expression
    (18) expression -> . LPAREN expression RPAREN
    (19) expression -> . NUMBER
    (20) expression -> . BOOL
    (21) expression -> . ID

    NOT             shift and go to state 4
    LPAREN          shift and go to state 5
    NUMBER          shift and go to state 6
    BOOL            shift and go to state 7
    ID              shift and go to state 24

    expression                     shift and go to state 36

state 19

    (15) expression -> expression OR . expression
    (4) expression -> . expression PLUS expression
    (5) expression -> . expression MINUS expression
    (6) expression -> . expression TIMES expression
    (7) expression -> . expression DIVIDE expression
    (8) expression -> . expression GT expression
    (9) expression -> . expression LT expression
    (10) expression -> . expression GE expression
    (11) expression -> . expression LE expression
    (12) expression -> . expression EQ expression
    (13) expression -> . expression NE expression
    (14) expression -> . expression AND expression
    (15) expression -> . expression OR expression
    (16) expression -> . NOT expression
    (17) expression -> . expression QUESTION expression COLON expression
    (18) expression -> . LPAREN expression RPAREN
    (19) expression -> . NUMBER
    (20) expression -> . BOOL
    (21) expression -> . ID

    NOT             shift and go to state 4
    LPAREN          shift and go to state 5
    NUMBER          shift and go to state 6
    BOOL            shift and go to state 7
    ID              shift and go to state 24

    expression                     shift and go to state 37

state 20

    (17) expression -> expression QUESTION . expression COLON expression
    (4) expression -> . expression PLUS expression
    (5) expression -> . expression MINUS expression
    (6) expression -> . expression TIMES expression
    (7) expression -> . expression DIVIDE expression
    (8) expression -> . expression GT expression
    (9) expression -> . expression LT expression
    (10) expression -> . expression GE expression
    (11) expression -> . expression LE expression
    (12) expression -> . expression EQ expression
    (13) expression -> . expression NE expression
    (14) expression -> . expression AND expression
    (15) expression -> . expression OR expression
    (16) expression -> . NOT expression
    (17) expression -> . expression QUESTION expression COLON expression
    (18) expression -> . LPAREN expression RPAREN
    (19) expression -> . NUMBER
    (20) expression -> . BOOL
    (21) expression -> . ID

    NOT             shift and go to state 4
    LPAREN          shift and go to state 5
    NUMBER          shift and go to state 6
    BOOL            shift and go to state 7
    ID              shift and go to state 24

    expression                     shift and go to state 38

state 21

    (2) statement -> ID ASSIGN . expression
    (4) expression -> . expression PLUS expression
    (5) expression -> . expression MINUS expression
    (6) expression -> . expression TIMES expression
    (7) expression -> . expression DIVIDE expression
    (8) expression -> . expression GT expression
    (9) expression -> . expression LT expression
    (10) expression -> . expression GE expression
    (11) expression -> . expression LE expression
    (12) expression -> . expression EQ expression
    (13) expression -> . expression NE expression
    (14) expression -> . expression AND expression
    (15) expression -> . expression OR expression
    (16) expression -> . NOT expression
    (17) expression -> . expression QUESTION expression COLON expression
    (18) expression -> . LPAREN expression RPAREN
    (19) expression -> . NUMBER
    (20) expression -> . BOOL
    (21) expression -> . ID

    NOT             shift and go to state 4
    LPAREN          shift and go to state 5
    NUMBER          shift and go to state 6
    BOOL            shift and go to state 7
    ID              shift and go to state 24

    expression                     shift and go to state 39

state 22

    (3) statement -> ID PLUSASSIGN . expression
    (4) expression -> . expression PLUS expression
    (5) expression -> . expression MINUS expression
    (6) expression -> . expression TIMES expression
    (7) expression -> . expression DIVIDE expression
    (8) expression -> . expression GT expression
    (9) expression -> . expression LT expression
    (10) expression -> . expression GE expression
    (11) expression -> . expression LE expression
    (12) expression -> . expression EQ expression
    (13) expression -> . expression NE expression
    (14) expression -> . expression AND expression
    (15) expression -> . expression OR expression
    (16) expression -> . NOT expression
    (17) expression -> . expression QUESTION expression COLON expression
    (18) expression -> . LPAREN expression RPAREN
    (19) expression -> . NUMBER
    (20) expression -> . BOOL
    (21) expression -> . ID

    NOT             shift and go to state 4
    LPAREN          shift and go to state 5
    NUMBER          shift and go to state 6
    BOOL            shift and go to state 7
    ID              shift and go to state 24

    expression                     shift and go to state 40

state 23

    (16) expression -> NOT expression .
    (4) expression -> expression . PLUS expression
    (5) expression -> expression . MINUS expression
    (6) expression -> expression . TIMES expression
    (7) expression -> expression . DIVIDE expression
    (8) expression -> expression . GT expression
    (9) expression -> expression . LT expression
    (10) expression -> expression . GE expression
    (11) expression -> expression . LE expression
    (12) expression -> expression . EQ expression
    (13) expression -> expression . NE expression
    (14) expression -> expression . AND expression
    (15) expression -> expression . OR expression
    (17) expression -> expression . QUESTION expression COLON expression

    PLUS            reduce using rule 16 (expression -> NOT expression .)
    MINUS           reduce using rule 16 (expression -> NOT expression .)
    TIMES           reduce using rule 16 (expression -> NOT expression .)
    DIVIDE          reduce using rule 16 (expression -> NOT expression .)
    GT              reduce using rule 16 (expression -> NOT expression .)
    LT              reduce using rule 16 (expression -> NOT expression .)
    GE              reduce using rule 16 (expression -> NOT expression .)
    LE              reduce using rule 16 (expression -> NOT expression .)
    EQ              reduce using rule 16 (expression -> NOT expression .)
    NE              reduce using rule 16 (expression -> NOT expression .)
    AND             reduce using rule 16 (expression -> NOT expression .)
    OR              reduce using rule 16 (expression -> NOT expression .)
    $end            reduce using rule 16 (expression -> NOT expression .)
    RPAREN          reduce using rule 16 (expression -> NOT expression .)
    COLON           reduce using rule 16 (expression -> NOT expression .)
    QUESTION        shift and go to state 20

  ! QUESTION        [ reduce using rule 16 (expression -> NOT expression .) ]
  ! PLUS            [ shift and go to state 8 ]
  ! MINUS           [ shift and go to state 9 ]
  ! TIMES           [ shift and go to state 10 ]
  ! DIVIDE          [ shift and go to state 11 ]
  ! GT              [ shift and go to state 12 ]
  ! LT              [ shift and go to state 13 ]
  ! GE              [ shift and go to state 14 ]
  ! LE              [ shift and go to state 15 ]
  ! EQ              [ shift and go to state 16 ]
  ! NE              [ shift and go to state 17 ]
  ! AND             [ shift and go to state 18 ]
  ! OR              [ shift and go to state 19 ]


state 24

    (21) expression -> ID .

    PLUS            reduce using rule 21 (expression -> ID .)
    MINUS           reduce using rule 21 (expression -> ID .)
    TIMES           reduce using rule 21 (expression -> ID .)
    DIVIDE          reduce using rule 21 (expression -> ID .)
    GT              reduce using rule 21 (expression -> ID .)
    LT              reduce using rule 21 (expression -> ID .)
    GE              reduce using rule 21 (expression -> ID .)
    LE              reduce using rule 21 (expression -> ID .)
    EQ              reduce using rule 21 (expression -> ID .)
    NE              reduce using rule 21 (expression -> ID .)
    AND             reduce using rule 21 (expression -> ID .)
    OR              reduce using rule 21 (expression -> ID .)
    QUESTION        reduce using rule 21 (expression -> ID .)
    $end            reduce using rule 21 (expression -> ID .)
    RPAREN          reduce using rule 21 (expression -> ID .)
    COLON           reduce using rule 21 (expression -> ID .)


state 25

    (18) expression -> LPAREN expression . RPAREN
    (4) expression -> expression . PLUS expression
    (5) expression -> expression . MINUS expression
    (6) expression -> expression . TIMES expression
    (7) expression -> expression . DIVIDE expression
    (8) expression -> expression . GT expression
    (9) expression -> expression . LT expression
    (10) expression -> expression . GE expression
    (11) expression -> expression . LE expression
    (12) expression -> expression . EQ expression
    (13) expression -> expression . NE expression
    (14) expression -> expression . AND expression
    (15) expression -> expression . OR expression
    (17) expression -> expression . QUESTION expression COLON expression

    RPAREN          shift and go to state 41
    PLUS            shift and go to state 8
    MINUS           shift and go to state 9
    TIMES           shift and go to state 10
    DIVIDE          shift and go to state 11
    GT              shift and go to state 12
    LT              shift and go to state 13
    GE              shift and go to state 14
    LE              shift and go to state 15
    EQ              shift and go to state 16
    NE              shift and go to state 17
    AND             shift and go to state 18
    OR              shift and go to state 19
    QUESTION        shift and go to state 20


state 26

    (4) expression -> expression PLUS expression .
    (4) expression -> expression . PLUS expression
    (5) expression -> expression . MINUS expression
    (6) expression -> expression . TIMES expression
    (7) expression -> expression . DIVIDE expression
    (8) expression -> expression . GT expression
    (9) expression -> expression . LT expression
    (10) expression -> expression . GE expression
    (11) expression -> expression . LE expression
    (12) expression -> expression . EQ expression
    (13) expression -> expression . NE expression
    (14) expression -> expression . AND expression
    (15) expression -> expression . OR expression
    (17) expression -> expression . QUESTION expression COLON expression

    PLUS            reduce using rule 4 (expression -> expression PLUS expression .)
    MINUS           reduce using rule 4 (expression -> expression PLUS expression .)
    GT              reduce using rule 4 (expression -> expression PLUS expression .)
    LT              reduce using rule 4 (expression -> expression PLUS expression .)
    GE              reduce using rule 4 (expression -> expression PLUS expression .)
    LE              reduce using rule 4 (expression -> expression PLUS expression .)
    EQ              reduce using rule 4 (expression -> expression PLUS expression .)
    NE              reduce using rule 4 (expression -> expression PLUS expression .)
    AND             reduce using rule 4 (expression -> expression PLUS expression .)
    OR              reduce using rule 4 (expression -> expression PLUS expression .)
    $end            reduce using rule 4 (expression -> expression PLUS expression .)
    RPAREN          reduce using rule 4 (expression -> expression PLUS expression .)
    COLON           reduce using rule 4 (expression -> expression PLUS expression .)
    TIMES           shift and go to state 10
    DIVIDE          shift and go to state 11
    QUESTION        shift and go to state 20

  ! TIMES           [ reduce using rule 4 (expression -> expression PLUS expression .) ]
  ! DIVIDE          [ reduce using rule 4 (expression -> expression PLUS expression .) ]
  ! QUESTION        [ reduce using rule 4 (expression -> expression PLUS expression .) ]
  ! PLUS            [ shift and go to state 8 ]
  ! MINUS           [ shift and go to state 9 ]
  ! GT              [ shift and go to state 12 ]
  ! LT              [ shift and go to state 13 ]
  ! GE              [ shift and go to state 14 ]
  ! LE              [ shift and go to state 15 ]
  ! EQ              [ shift and go to state 16 ]
  ! NE              [ shift and go to state 17 ]
  ! AND             [ shift and go to state 18 ]
  ! OR              [ shift and go to state 19 ]


state 27

    (5) expression -> expression MINUS expression .
    (4) expression -> expression . PLUS expression
    (5) expression -> expression . MINUS expression
    (6) expression -> expression . TIMES expression
    (7) expression -> expression . DIVIDE expression
    (8) expression -> expression . GT expression
    (9) expression -> expression . LT expression
    (10) expression -> expression . GE expression
    (11) expression -> expression . LE expression
    (12) expression -> expression . EQ expression
    (13) expression -> expression . NE expression
    (14) expression -> expression . AND expression
    (15) expression -> expression . OR expression
    (17) expression -> expression . QUESTION expression COLON expression

    PLUS            reduce using rule 5 (expression -> expression MINUS expression .)
    MINUS           reduce using rule 5 (expression -> expression MINUS expression .)
    GT              reduce using rule 5 (expression -> expression MINUS expression .)
    LT              reduce using rule 5 (expression -> expression MINUS expression .)
    GE              reduce using rule 5 (expression -> expression MINUS expression .)
    LE              reduce using rule 5 (expression -> expression MINUS expression .)
    EQ              reduce using rule 5 (expression -> expression MINUS expression .)
    NE              reduce using rule 5 (expression -> expression MINUS expression .)
    AND             reduce using rule 5 (expression -> expression MINUS expression .)
    OR              reduce using rule 5 (expression -> expression MINUS expression .)
    $end            reduce using rule 5 (expression -> expression MINUS expression .)
    RPAREN          reduce using rule 5 (expression -> expression MINUS expression .)
    COLON           reduce using rule 5 (expression -> expression MINUS expression .)
    TIMES           shift and go to state 10
    DIVIDE          shift and go to state 11
    QUESTION        shift and go to state 20

  ! TIMES           [ reduce using rule 5 (expression -> expression MINUS expression .) ]
  ! DIVIDE          [ reduce using rule 5 (expression -> expression MINUS expression .) ]
  ! QUESTION        [ reduce using rule 5 (expression -> expression MINUS expression .) ]
  ! PLUS            [ shift and go to state 8 ]
  ! MINUS           [ shift and go to state 9 ]
  ! GT              [ shift and go to state 12 ]
  ! LT              [ shift and go to state 13 ]
  ! GE              [ shift and go to state 14 ]
  ! LE              [ shift and go to state 15 ]
  ! EQ              [ shift and go to state 16 ]
  ! NE              [ shift and go to state 17 ]
  ! AND             [ shift and go to state 18 ]
  ! OR              [ shift and go to state 19 ]


state 28

    (6) expression -> expression TIMES expression .
    (4) expression -> expression . PLUS expression
    (5) expression -> expression . MINUS expression
    (6) expression -> expression . TIMES expression
    (7) expression -> expression . DIVIDE expression
    (8) expression -> expression . GT expression
    (9) expression -> expression . LT expression
    (10) expression -> expression . GE expression
    (11) expression -> expression . LE expression
    (12) expression -> expression . EQ expression
    (13) expression -> expression . NE expression
    (14) expression -> expression . AND expression
    (15) expression -> expression . OR expression
    (17) expression -> expression . QUESTION expression COLON expression

    PLUS            reduce using rule 6 (expression -> expression TIMES expression .)
    MINUS           reduce using rule 6 (expression -> expression TIMES expression .)
    TIMES           reduce using rule 6 (expression -> expression TIMES expression .)
    DIVIDE          reduce using rule 6 (expression -> expression TIMES expression .)
    GT              reduce using rule 6 (expression -> expression TIMES expression .)
    LT              reduce using rule 6 (expression -> expression TIMES expression .)
    GE              reduce using rule 6 (expression -> expression TIMES expression .)
    LE              reduce using rule 6 (expression -> expression TIMES expression .)
    EQ              reduce using rule 6 (expression -> expression TIMES expression .)
    NE              reduce using rule 6 (expression -> expression TIMES expression .)
    AND             reduce using rule 6 (expression -> expression TIMES expression .)
    OR              reduce using rule 6 (expression -> expression TIMES expression .)
    $end            reduce using rule 6 (expression -> expression TIMES expression .)
    RPAREN          reduce using rule 6 (expression -> expression TIMES expression .)
    COLON           reduce using rule 6 (expression -> expression TIMES expression .)
    QUESTION        shift and go to state 20

  ! QUESTION        [ reduce using rule 6 (expression -> expression TIMES expression .) ]
  ! PLUS            [ shift and go to state 8 ]
  ! MINUS           [ shift and go to state 9 ]
  ! TIMES           [ shift and go to state 10 ]
  ! DIVIDE          [ shift and go to state 11 ]
  ! GT              [ shift and go to state 12 ]
  ! LT              [ shift and go to state 13 ]
  ! GE              [ shift and go to state 14 ]
  ! LE              [ shift and go to state 15 ]
  ! EQ              [ shift and go to state 16 ]
  ! NE              [ shift and go to state 17 ]
  ! AND             [ shift and go to state 18 ]
  ! OR              [ shift and go to state 19 ]


state 29

    (7) expression -> expression DIVIDE expression .
    (4) expression -> expression . PLUS expression
    (5) expression -> expression . MINUS expression
    (6) expression -> expression . TIMES expression
    (7) expression -> expression . DIVIDE expression
    (8) expression -> expression . GT expression
    (9) expression -> expression . LT expression
    (10) expression -> expression . GE expression
    (11) expression -> expression . LE expression
    (12) expression -> expression . EQ expression
    (13) expression -> expression . NE expression
    (14) expression -> expression . AND expression
    (15) expression -> expression . OR expression
    (17) expression -> expression . QUESTION expression COLON expression

    PLUS            reduce using rule 7 (expression -> expression DIVIDE expression .)
    MINUS           reduce using rule 7 (expression -> expression DIVIDE expression .)
    TIMES           reduce using rule 7 (expression -> expression DIVIDE expression .)
    DIVIDE          reduce using rule 7 (expression -> expression DIVIDE expression .)
    GT              reduce using rule 7 (expression -> expression DIVIDE expression .)
    LT              reduce using rule 7 (expression -> expression DIVIDE expression .)
    GE              reduce using rule 7 (expression -> expression DIVIDE expression .)
    LE              reduce using rule 7 (expression -> expression DIVIDE expression .)
    EQ              reduce using rule 7 (expression -> expression DIVIDE expression .)
    NE              reduce using rule 7 (expression -> expression DIVIDE expression .)
    AND             reduce using rule 7 (expression -> expression DIVIDE expression .)
    OR              reduce using rule 7 (expression -> expression DIVIDE expression .)
    $end            reduce using rule 7 (expression -> expression DIVIDE expression .)
    RPAREN          reduce using rule 7 (expression -> expression DIVIDE expression .)
    COLON           reduce using rule 7 (expression -> expression DIVIDE expression .)
    QUESTION        shift and go to state 20

  ! QUESTION        [ reduce using rule 7 (expression -> expression DIVIDE expression .) ]
  ! PLUS            [ shift and go to state 8 ]
  ! MINUS           [ shift and go to state 9 ]
  ! TIMES           [ shift and go to state 10 ]
  ! DIVIDE          [ shift and go to state 11 ]
  ! GT              [ shift and go to state 12 ]
  ! LT              [ shift and go to state 13 ]
  ! GE              [ shift and go to state 14 ]
  ! LE              [ shift and go to state 15 ]
  ! EQ              [ shift and go to state 16 ]
  ! NE              [ shift and go to state 17 ]
  ! AND             [ shift and go to state 18 ]
  ! OR              [ shift and go to state 19 ]


state 30

    (8) expression -> expression GT expression .
    (4) expression -> expression . PLUS expression
    (5) expression -> expression . MINUS expression
    (6) expression -> expression . TIMES expression
    (7) expression -> expression . DIVIDE expression
    (8) expression -> expression . GT expression
    (9) expression -> expression . LT expression
    (10) expression -> expression . GE expression
    (11) expression -> expression . LE expression
    (12) expression -> expression . EQ expression
    (13) expression -> expression . NE expression
    (14) expression -> expression . AND expression
    (15) expression -> expression . OR expression
    (17) expression -> expression . QUESTION expression COLON expression

    GT              reduce using rule 8 (expression -> expression GT expression .)
    LT              reduce using rule 8 (expression -> expression GT expression .)
    GE              reduce using rule 8 (expression -> expression GT expression .)
    LE              reduce using rule 8 (expression -> expression GT expression .)
    EQ              reduce using rule 8 (expression -> expression GT expression .)
    NE              reduce using rule 8 (expression -> expression GT expression .)
    AND             reduce using rule 8 (expression -> expression GT expression .)
    OR              reduce using rule 8 (expression -> expression GT expression .)
    $end            reduce using rule 8 (expression -> expression GT expression .)
    RPAREN          reduce using rule 8 (expression -> expression GT expression .)
    COLON           reduce using rule 8 (expression -> expression GT expression .)
    PLUS            shift and go to state 8
    MINUS           shift and go to state 9
    TIMES           shift and go to state 10
    DIVIDE          shift and go to state 11
    QUESTION        shift and go to state 20

  ! PLUS            [ reduce using rule 8 (expression -> expression GT expression .) ]
  ! MINUS           [ reduce using rule 8 (expression -> expression GT expression .) ]
  ! TIMES           [ reduce using rule 8 (expression -> expression GT expression .) ]
  ! DIVIDE          [ reduce using rule 8 (expression -> expression GT expression .) ]
  ! QUESTION        [ reduce using rule 8 (expression -> expression GT expression .) ]
  ! GT              [ shift and go to state 12 ]
  ! LT              [ shift and go to state 13 ]
  ! GE              [ shift and go to state 14 ]
  ! LE              [ shift and go to state 15 ]
  ! EQ              [ shift and go to state 16 ]
  ! NE              [ shift and go to state 17 ]
  ! AND             [ shift and go to state 18 ]
  ! OR              [ shift and go to state 19 ]


state 31

    (9) expression -> expression LT expression .
    (4) expression -> expression . PLUS expression
    (5) expression -> expression . MINUS expression
    (6) expression -> expression . TIMES expression
    (7) expression -> expression . DIVIDE expression
    (8) expression -> expression . GT expression
    (9) expression -> expression . LT expression
    (10) expression -> expression . GE expression
    (11) expression -> expression . LE expression
    (12) expression -> expression . EQ expression
    (13) expression -> expression . NE expression
    (14) expression -> expression . AND expression
    (15) expression -> expression . OR expression
    (17) expression -> expression . QUESTION expression COLON expression

    GT              reduce using rule 9 (expression -> expression LT expression .)
    LT              reduce using rule 9 (expression -> expression LT expression .)
    GE              reduce using rule 9 (expression -> expression LT expression .)
    LE              reduce using rule 9 (expression -> expression LT expression .)
    EQ              reduce using rule 9 (expression -> expression LT expression .)
    NE              reduce using rule 9 (expression -> expression LT expression .)
    AND             reduce using rule 9 (expression -> expression LT expression .)
    OR              reduce using rule 9 (expression -> expression LT expression .)
    $end            reduce using rule 9 (expression -> expression LT expression .)
    RPAREN          reduce using rule 9 (expression -> expression LT expression .)
    COLON           reduce using rule 9 (expression -> expression LT expression .)
    PLUS            shift and go to state 8
    MINUS           shift and go to state 9
    TIMES           shift and go to state 10
    DIVIDE          shift and go to state 11
    QUESTION        shift and go to state 20

  ! PLUS            [ reduce using rule 9 (expression -> expression LT expression .) ]
  ! MINUS           [ reduce using rule 9 (expression -> expression LT expression .) ]
  ! TIMES           [ reduce using rule 9 (expression -> expression LT expression .) ]
  ! DIVIDE          [ reduce using rule 9 (expression -> expression LT expression .) ]
  ! QUESTION        [ reduce using rule 9 (expression -> expression LT expression .) ]
  ! GT              [ shift and go to state 12 ]
  ! LT              [ shift and go to state 13 ]
  ! GE              [ shift and go to state 14 ]
  ! LE              [ shift and go to state 15 ]
  ! EQ              [ shift and go to state 16 ]
  ! NE              [ shift and go to state 17 ]
  ! AND             [ shift and go to state 18 ]
  ! OR              [ shift and go to state 19 ]


state 32

    (10) expression -> expression GE expression .
    (4) expression -> expression . PLUS expression
    (5) expression -> expression . MINUS expression
    (6) expression -> expression . TIMES expression
    (7) expression -> expression . DIVIDE expression
    (8) expression -> expression . GT expression
    (9) expression -> expression . LT expression
    (10) expression -> expression . GE expression
    (11) expression -> expression . LE expression
    (12) expression -> expression . EQ expression
    (13) expression -> expression . NE expression
    (14) expression -> expression . AND expression
    (15) expression -> expression . OR expression
    (17) expression -> expression . QUESTION expression COLON expression

    GT              reduce using rule 10 (expression -> expression GE expression .)
    LT              reduce using rule 10 (expression -> expression GE expression .)
    GE              reduce using rule 10 (expression -> expression GE expression .)
    LE              reduce using rule 10 (expression -> expression GE expression .)
    EQ              reduce using rule 10 (expression -> expression GE expression .)
    NE              reduce using rule 10 (expression -> expression GE expression .)
    AND             reduce using rule 10 (expression -> expression GE expression .)
    OR              reduce using rule 10 (expression -> expression GE expression .)
    $end            reduce using rule 10 (expression -> expression GE expression .)
    RPAREN          reduce using rule 10 (expression -> expression GE expression .)
    COLON           reduce using rule 10 (expression -> expression GE expression .)
    PLUS            shift and go to state 8
    MINUS           shift and go to state 9
    TIMES           shift and go to state 10
    DIVIDE          shift and go to state 11
    QUESTION        shift and go to state 20

  ! PLUS            [ reduce using rule 10 (expression -> expression GE expression .) ]
  ! MINUS           [ reduce using rule 10 (expression -> expression GE expression .) ]
  ! TIMES           [ reduce using rule 10 (expression -> expression GE expression .) ]
  ! DIVIDE          [ reduce using rule 10 (expression -> expression GE expression .) ]
  ! QUESTION        [ reduce using rule 10 (expression -> expression GE expression .) ]
  ! GT              [ shift and go to state 12 ]
  ! LT              [ shift and go to state 13 ]
  ! GE              [ shift and go to state 14 ]
  ! LE              [ shift and go to state 15 ]
  ! EQ              [ shift and go to state 16 ]
  ! NE              [ shift and go to state 17 ]
  ! AND             [ shift and go to state 18 ]
  ! OR              [ shift and go to state 19 ]


state 33

    (11) expression -> expression LE expression .
    (4) expression -> expression . PLUS expression
    (5) expression -> expression . MINUS expression
    (6) expression -> expression . TIMES expression
    (7) expression -> expression . DIVIDE expression
    (8) expression -> expression . GT expression
    (9) expression -> expression . LT expression
    (10) expression -> expression . GE expression
    (11) expression -> expression . LE expression
    (12) expression -> expression . EQ expression
    (13) expression -> expression . NE expression
    (14) expression -> expression . AND expression
    (15) expression -> expression . OR expression
    (17) expression -> expression . QUESTION expression COLON expression

    GT              reduce using rule 11 (expression -> expression LE expression .)
    LT              reduce using rule 11 (expression -> expression LE expression .)
    GE              reduce using rule 11 (expression -> expression LE expression .)
    LE              reduce using rule 11 (expression -> expression LE expression .)
    EQ              reduce using rule 11 (expression -> expression LE expression .)
    NE              reduce using rule 11 (expression -> expression LE expression .)
    AND             reduce using rule 11 (expression -> expression LE expression .)
    OR              reduce using rule 11 (expression -> expression LE expression .)
    $end            reduce using rule 11 (expression -> expression LE expression .)
    RPAREN          reduce using rule 11 (expression -> expression LE expression .)
    COLON           reduce using rule 11 (expression -> expression LE expression .)
    PLUS            shift and go to state 8
    MINUS           shift and go to state 9
    TIMES           shift and go to state 10
    DIVIDE          shift and go to state 11
    QUESTION        shift and go to state 20

  ! PLUS            [ reduce using rule 11 (expression -> expression LE expression .) ]
  ! MINUS           [ reduce using rule 11 (expression -> expression LE expression .) ]
  ! TIMES           [ reduce using rule 11 (expression -> expression LE expression .) ]
  ! DIVIDE          [ reduce using rule 11 (expression -> expression LE expression .) ]
  ! QUESTION        [ reduce using rule 11 (expression -> expression LE expression .) ]
  ! GT              [ shift and go to state 12 ]
  ! LT              [ shift and go to state 13 ]
  ! GE              [ shift and go to state 14 ]
  ! LE              [ shift and go to state 15 ]
  ! EQ              [ shift and go to state 16 ]
  ! NE              [ shift and go to state 17 ]
  ! AND             [ shift and go to state 18 ]
  ! OR              [ shift and go to state 19 ]


state 34

    (12) expression -> expression EQ expression .
    (4) expression -> expression . PLUS expression
    (5) expression -> expression . MINUS expression
    (6) expression -> expression . TIMES expression
    (7) expression -> expression . DIVIDE expression
    (8) expression -> expression . GT expression
    (9) expression -> expression . LT expression
    (10) expression -> expression . GE expression
    (11) expression -> expression . LE expression
    (12) expression -> expression . EQ expression
    (13) expression -> expression . NE expression
    (14) expression -> expression . AND expression
    (15) expression -> expression . OR expression
    (17) expression -> expression . QUESTION expression COLON expression

    EQ              reduce using rule 12 (expression -> expression EQ expression .)
    NE              reduce using rule 12 (expression -> expression EQ expression .)
    AND             reduce using rule 12 (expression -> expression EQ expression .)
    OR              reduce using rule 12 (expression -> expression EQ expression .)
    $end            reduce using rule 12 (expression -> expression EQ expression .)
    RPAREN          reduce using rule 12 (expression -> expression EQ expression .)
    COLON           reduce using rule 12 (expression -> expression EQ expression .)
    PLUS            shift and go to state 8
    MINUS           shift and go to state 9
    TIMES           shift and go to state 10
    DIVIDE          shift and go to state 11
    GT              shift and go to state 12
    LT              shift and go to state 13
    GE              shift and go to state 14
    LE              shift and go to state 15
    QUESTION        shift and go to state 20

  ! PLUS            [ reduce using rule 12 (expression -> expression EQ expression .) ]
  ! MINUS           [ reduce using rule 12 (expression -> expression EQ expression .) ]
  ! TIMES           [ reduce using rule 12 (expression -> expression EQ expression .) ]
  ! DIVIDE          [ reduce using rule 12 (expression -> expression EQ expression .) ]
  ! GT              [ reduce using rule 12 (expression -> expression EQ expression .) ]
  ! LT              [ reduce using rule 12 (expression -> expression EQ expression .) ]
  ! GE              [ reduce using rule 12 (expression -> expression EQ expression .) ]
  ! LE              [ reduce using rule 12 (expression -> expression EQ expression .) ]
  ! QUESTION        [ reduce using rule 12 (expression -> expression EQ expression .) ]
  ! EQ              [ shift and go to state 16 ]
  ! NE              [ shift and go to state 17 ]
  ! AND             [ shift and go to state 18 ]
  ! OR              [ shift and go to state 19 ]


state 35

    (13) expression -> expression NE expression .
    (4) expression -> expression . PLUS expression
    (5) expression -> expression . MINUS expression
    (6) expression -> expression . TIMES expression
    (7) expression -> expression . DIVIDE expression
    (8) expression -> expression . GT expression
    (9) expression -> expression . LT expression
    (10) expression -> expression . GE expression
    (11) expression -> expression . LE expression
    (12) expression -> expression . EQ expression
    (13) expression -> expression . NE expression
    (14) expression -> expression . AND expression
    (15) expression -> expression . OR expression
    (17) expression -> expression . QUESTION expression COLON expression

    EQ              reduce using rule 13 (expression -> expression NE expression .)
    NE              reduce using rule 13 (expression -> expression NE expression .)
    AND             reduce using rule 13 (expression -> expression NE expression .)
    OR              reduce using rule 13 (expression -> expression NE expression .)
    $end            reduce using rule 13 (expression -> expression NE expression .)
    RPAREN          reduce using rule 13 (expression -> expression NE expression .)
    COLON           reduce using rule 13 (expression -> expression NE expression .)
    PLUS            shift and go to state 8
    MINUS           shift and go to state 9
    TIMES           shift and go to state 10
    DIVIDE          shift and go to state 11
    GT              shift and go to state 12
    LT              shift and go to state 13
    GE              shift and go to state 14
    LE              shift and go to state 15
    QUESTION        shift and go to state 20

  ! PLUS            [ reduce using rule 13 (expression -> expression NE expression .) ]
  ! MINUS           [ reduce using rule 13 (expression -> expression NE expression .) ]
  ! TIMES           [ reduce using rule 13 (expression -> expression NE expression .) ]
  ! DIVIDE          [ reduce using rule 13 (expression -> expression NE expression .) ]
  ! GT              [ reduce using rule 13 (expression -> expression NE expression .) ]
  ! LT              [ reduce using rule 13 (expression -> expression NE expression .) ]
  ! GE              [ reduce using rule 13 (expression -> expression NE expression .) ]
  ! LE              [ reduce using rule 13 (expression -> expression NE expression .) ]
  ! QUESTION        [ reduce using rule 13 (expression -> expression NE expression .) ]
  ! EQ              [ shift and go to state 16 ]
  ! NE              [ shift and go to state 17 ]
  ! AND             [ shift and go to state 18 ]
  ! OR              [ shift and go to state 19 ]


state 36

    (14) expression -> expression AND expression .
    (4) expression -> expression . PLUS expression
    (5) expression -> expression . MINUS expression
    (6) expression -> expression . TIMES expression
    (7) expression -> expression . DIVIDE expression
    (8) expression -> expression . GT expression
    (9) expression -> expression . LT expression
    (10) expression -> expression . GE expression
    (11) expression -> expression . LE expression
    (12) expression -> expression . EQ expression
    (13) expression -> expression . NE expression
    (14) expression -> expression . AND expression
    (15) expression -> expression . OR expression
    (17) expression -> expression . QUESTION expression COLON expression

    AND             reduce using rule 14 (expression -> expression AND expression .)
    OR              reduce using rule 14 (expression -> expression AND expression .)
    $end            reduce using rule 14 (expression -> expression AND expression .)
    RPAREN          reduce using rule 14 (expression -> expression AND expression .)
    COLON           reduce using rule 14 (expression -> expression AND expression .)
    PLUS            shift and go to state 8
    MINUS           shift and go to state 9
    TIMES           shift and go to state 10
    DIVIDE          shift and go to state 11
    GT              shift and go to state 12
    LT              shift and go to state 13
    GE              shift and go to state 14
    LE              shift and go to state 15
    EQ              shift and go to state 16
    NE              shift and go to state 17
    QUESTION        shift and go to state 20

  ! PLUS            [ reduce using rule 14 (expression -> expression AND expression .) ]
  ! MINUS           [ reduce using rule 14 (expression -> expression AND expression .) ]
  ! TIMES           [ reduce using rule 14 (expression -> expression AND expression .) ]
  ! DIVIDE          [ reduce using rule 14 (expression -> expression AND expression .) ]
  ! GT              [ reduce using rule 14 (expression -> expression AND expression .) ]
  ! LT              [ reduce using rule 14 (expression -> expression AND expression .) ]
  ! GE              [ reduce using rule 14 (expression -> expression AND expression .) ]
  ! LE              [ reduce using rule 14 (expression -> expression AND expression .) ]
  ! EQ              [ reduce using rule 14 (expression -> expression AND expression .) ]
  ! NE              [ reduce using rule 14 (expression -> expression AND expression .) ]
  ! QUESTION        [ reduce using rule 14 (expression -> expression AND expression .) ]
  ! AND             [ shift and go to state 18 ]
  ! OR              [ shift and go to state 19 ]


state 37

    (15) expression -> expression OR expression .
    (4) expression -> expression . PLUS expression
    (5) expression -> expression . MINUS expression
    (6) expression -> expression . TIMES expression
    (7) expression -> expression . DIVIDE expression
    (8) expression -> expression . GT expression
    (9) expression -> expression . LT expression
    (10) expression -> expression . GE expression
    (11) expression -> expression . LE expression
    (12) expression -> expression . EQ expression
    (13) expression -> expression . NE expression
    (14) expression -> expression . AND expression
    (15) expression -> expression . OR expression
    (17) expression -> expression . QUESTION expression COLON expression

    OR              reduce using rule 15 (expression -> expression OR expression .)
    $end            reduce using rule 15 (expression -> expression OR expression .)
    RPAREN          reduce using rule 15 (expression -> expression OR expression .)
    COLON           reduce using rule 15 (expression -> expression OR expression .)
    PLUS            shift and go to state 8
    MINUS           shift and go to state 9
    TIMES           shift and go to state 10
    DIVIDE          shift and go to state 11
    GT              shift and go to state 12
    LT              shift and go to state 13
    GE              shift and go to state 14
    LE              shift and go to state 15
    EQ              shift and go to state 16
    NE              shift and go to state 17
    AND             shift and go to state 18
    QUESTION        shift and go to state 20

  ! PLUS            [ reduce using rule 15 (expression -> expression OR expression .) ]
  ! MINUS           [ reduce using rule 15 (expression -> expression OR expression .) ]
  ! TIMES           [ reduce using rule 15 (expression -> expression OR expression .) ]
  ! DIVIDE          [ reduce using rule 15 (expression -> expression OR expression .) ]
  ! GT              [ reduce using rule 15 (expression -> expression OR expression .) ]
  ! LT              [ reduce using rule 15 (expression -> expression OR expression .) ]
  ! GE              [ reduce using rule 15 (expression -> expression OR expression .) ]
  ! LE              [ reduce using rule 15 (expression -> expression OR expression .) ]
  ! EQ              [ reduce using rule 15 (expression -> expression OR expression .) ]
  ! NE              [ reduce using rule 15 (expression -> expression OR expression .) ]
  ! AND             [ reduce using rule 15 (expression -> expression OR expression .) ]
  ! QUESTION        [ reduce using rule 15 (expression -> expression OR expression .) ]
  ! OR              [ shift and go to state 19 ]


state 38

    (17) expression -> expression QUESTION expression . COLON expression
    (4) expression -> expression . PLUS expression
    (5) expression -> expression . MINUS expression
    (6) expression -> expression . TIMES expression
    (7) expression -> expression . DIVIDE expression
    (8) expression -> expression . GT expression
    (9) expression -> expression . LT expression
    (10) expression -> expression . GE expression
    (11) expression -> expression . LE expression
    (12) expression -> expression . EQ expression
    (13) expression -> expression . NE expression
    (14) expression -> expression . AND expression
    (15) expression -> expression . OR expression
    (17) expression -> expression . QUESTION expression COLON expression

    COLON           shift and go to state 42
    PLUS            shift and go to state 8
    MINUS           shift and go to state 9
    TIMES           shift and go to state 10
    DIVIDE          shift and go to state 11
    GT              shift and go to state 12
    LT              shift and go to state 13
    GE              shift and go to state 14
    LE              shift and go to state 15
    EQ              shift and go to state 16
    NE              shift and go to state 17
    AND             shift and go to state 18
    OR              shift and go to state 19
    QUESTION        shift and go to state 20


state 39

    (2) statement -> ID ASSIGN expression .
    (4) expression -> expression . PLUS expression
    (5) expression -> expression . MINUS expression
    (6) expression -> expression . TIMES expression
    (7) expression -> expression . DIVIDE expression
    (8) expression -> expression . GT expression
    (9) expression -> expression . LT expression
    (10) expression -> expression . GE expression
    (11) expression -> expression . LE expression
    (12) expression -> expression . EQ expression
    (13) expression -> expression . NE expression
    (14) expression -> expression . AND expression
    (15) expression -> expression . OR expression
    (17) expression -> expression . QUESTION expression COLON expression

    $end            reduce using rule 2 (statement -> ID ASSIGN expression .)
    PLUS            shift and go to state 8
    MINUS           shift and go to state 9
    TIMES           shift and go to state 10
    DIVIDE          shift and go to state 11
    GT              shift and go to state 12
    LT              shift and go to state 13
    GE              shift and go to state 14
    LE              shift and go to state 15
    EQ              shift and go to state 16
    NE              shift and go to state 17
    AND             shift and go to state 18
    OR              shift and go to state 19
    QUESTION        shift and go to state 20


state 40

    (3) statement -> ID PLUSASSIGN expression .
    (4) expression -> expression . PLUS expression
    (5) expression -> expression . MINUS expression
    (6) expression -> expression . TIMES expression
    (7) expression -> expression . DIVIDE expression
    (8) expression -> expression . GT expression
    (9) expression -> expression . LT expression
    (10) expression -> expression . GE expression
    (11) expression -> expression . LE expression
    (12) expression -> expression . EQ expression
    (13) expression -> expression . NE expression
    (14) expression -> expression . AND expression
    (15) expression -> expression . OR expression
    (17) expression -> expression . QUESTION expression COLON expression

    $end            reduce using rule 3 (statement -> ID PLUSASSIGN expression .)
    PLUS            shift and go to state 8
    MINUS           shift and go to state 9
    TIMES           shift and go to state 10
    DIVIDE          shift and go to state 11
    GT              shift and go to state 12
    LT              shift and go to state 13
    GE              shift and go to state 14
    LE              shift and go to state 15
    EQ              shift and go to state 16
    NE              shift and go to state 17
    AND             shift and go to state 18
    OR              shift and go to state 19
    QUESTION        shift and go to state 20


state 41

    (18) expression -> LPAREN expression RPAREN .

    PLUS            reduce using rule 18 (expression -> LPAREN expression RPAREN .)
    MINUS           reduce using rule 18 (expression -> LPAREN expression RPAREN .)
    TIMES           reduce using rule 18 (expression -> LPAREN expression RPAREN .)
    DIVIDE          reduce using rule 18 (expression -> LPAREN expression RPAREN .)
    GT              reduce using rule 18 (expression -> LPAREN expression RPAREN .)
    LT              reduce using rule 18 (expression -> LPAREN expression RPAREN .)
    GE              reduce using rule 18 (expression -> LPAREN expression RPAREN .)
    LE              reduce using rule 18 (expression -> LPAREN expression RPAREN .)
    EQ              reduce using rule 18 (expression -> LPAREN expression RPAREN .)
    NE              reduce using rule 18 (expression -> LPAREN expression RPAREN .)
    AND             reduce using rule 18 (expression -> LPAREN expression RPAREN .)
    OR              reduce using rule 18 (expression -> LPAREN expression RPAREN .)
    QUESTION        reduce using rule 18 (expression -> LPAREN expression RPAREN .)
    $end            reduce using rule 18 (expression -> LPAREN expression RPAREN .)
    RPAREN          reduce using rule 18 (expression -> LPAREN expression RPAREN .)
    COLON           reduce using rule 18 (expression -> LPAREN expression RPAREN .)


state 42

    (17) expression -> expression QUESTION expression COLON . expression
    (4) expression -> . expression PLUS expression
    (5) expression -> . expression MINUS expression
    (6) expression -> . expression TIMES expression
    (7) expression -> . expression DIVIDE expression
    (8) expression -> . expression GT expression
    (9) expression -> . expression LT expression
    (10) expression -> . expression GE expression
    (11) expression -> . expression LE expression
    (12) expression -> . expression EQ expression
    (13) expression -> . expression NE expression
    (14) expression -> . expression AND expression
    (15) expression -> . expression OR expression
    (16) expression -> . NOT expression
    (17) expression -> . expression QUESTION expression COLON expression
    (18) expression -> . LPAREN expression RPAREN
    (19) expression -> . NUMBER
    (20) expression -> . BOOL
    (21) expression -> . ID

    NOT             shift and go to state 4
    LPAREN          shift and go to state 5
    NUMBER          shift and go to state 6
    BOOL            shift and go to state 7
    ID              shift and go to state 24

    expression                     shift and go to state 43

state 43

    (17) expression -> expression QUESTION expression COLON expression .
    (4) expression -> expression . PLUS expression
    (5) expression -> expression . MINUS expression
    (6) expression -> expression . TIMES expression
    (7) expression -> expression . DIVIDE expression
    (8) expression -> expression . GT expression
    (9) expression -> expression . LT expression
    (10) expression -> expression . GE expression
    (11) expression -> expression . LE expression
    (12) expression -> expression . EQ expression
    (13) expression -> expression . NE expression
    (14) expression -> expression . AND expression
    (15) expression -> expression . OR expression
    (17) expression -> expression . QUESTION expression COLON expression

    PLUS            reduce using rule 17 (expression -> expression QUESTION expression COLON expression .)
    MINUS           reduce using rule 17 (expression -> expression QUESTION expression COLON expression .)
    TIMES           reduce using rule 17 (expression -> expression QUESTION expression COLON expression .)
    DIVIDE          reduce using rule 17 (expression -> expression QUESTION expression COLON expression .)
    GT              reduce using rule 17 (expression -> expression QUESTION expression COLON expression .)
    LT              reduce using rule 17 (expression -> expression QUESTION expression COLON expression .)
    GE              reduce using rule 17 (expression -> expression QUESTION expression COLON expression .)
    LE              reduce using rule 17 (expression -> expression QUESTION expression COLON expression .)
    EQ              reduce using rule 17 (expression -> expression QUESTION expression COLON expression .)
    NE              reduce using rule 17 (expression -> expression QUESTION expression COLON expression .)
    AND             reduce using rule 17 (expression -> expression QUESTION expression COLON expression .)
    OR              reduce using rule 17 (expression -> expression QUESTION expression COLON expression .)
    $end            reduce using rule 17 (expression -> expression QUESTION expression COLON expression .)
    RPAREN          reduce using rule 17 (expression -> expression QUESTION expression COLON expression .)
    COLON           reduce using rule 17 (expression -> expression QUESTION expression COLON expression .)
    QUESTION        shift and go to state 20

  ! QUESTION        [ reduce using rule 17 (expression -> expression QUESTION expression COLON expression .) ]
  ! PLUS            [ shift and go to state 8 ]
  ! MINUS           [ shift and go to state 9 ]
  ! TIMES           [ shift and go to state 10 ]
  ! DIVIDE          [ shift and go to state 11 ]
  ! GT              [ shift and go to state 12 ]
  ! LT              [ shift and go to state 13 ]
  ! GE              [ shift and go to state 14 ]
  ! LE              [ shift and go to state 15 ]
  ! EQ              [ shift and go to state 16 ]
  ! NE              [ shift and go to state 17 ]
  ! AND             [ shift and go to state 18 ]
  ! OR              [ shift and go to state 19 ]

